<?xml version="1.0" encoding="UTF-8"?>
<!-- Generated by org.testng.reporters.JUnitReportReporter -->
<testsuite hostname="DESKTOP-5TGNLDO" failures="0" tests="3" name="com.ajio.AjioFashion" time="12.771" errors="0" timestamp="20 Sep 2024 14:28:08 GMT">
  <testcase classname="com.ajio.AjioFashion" name="vallidateFashion" time="5.590"/>
  <testcase classname="com.ajio.AjioFashion" name="clickOnFashion" time="2.953"/>
  <testcase classname="com.ajio.AjioFashion" name="women" time="4.228"/>
</testsuite> <!-- com.ajio.AjioFashion -->
