<?xml version="1.0" encoding="UTF-8"?>
<!-- Generated by org.testng.reporters.JUnitReportReporter -->
<testsuite hostname="DESKTOP-5TGNLDO" failures="0" tests="1" name="com.myntra.MyntraMen" time="3.189" errors="0" timestamp="18 Sept 2024 12:34:07 GMT" skipped="0">
  <testcase classname="com.myntra.MyntraMen" name="clickOnMen" time="3.189"/>
</testsuite> <!-- com.myntra.MyntraMen -->
